{"C:\\Users\\Naufaldillah\\Documents\\GitHub\\Hacktiv8\\P2\\ip-mnaufaldillah\\server\\app.js": {"path":"C:\\Users\\Naufaldillah\\Documents\\GitHub\\Hacktiv8\\P2\\ip-mnaufaldillah\\server\\app.js","statementMap":{"0":{"start":{"line":1,"column":0},"end":{"line":3,"column":1}},"1":{"start":{"line":2,"column":4},"end":{"line":2,"column":31}},"2":{"start":{"line":5,"column":16},"end":{"line":5,"column":34}},"3":{"start":{"line":6,"column":12},"end":{"line":6,"column":21}},"4":{"start":{"line":7,"column":15},"end":{"line":7,"column":34}},"5":{"start":{"line":8,"column":21},"end":{"line":8,"column":57}},"6":{"start":{"line":9,"column":13},"end":{"line":9,"column":28}},"7":{"start":{"line":11,"column":0},"end":{"line":11,"column":16}},"8":{"start":{"line":12,"column":0},"end":{"line":12,"column":49}},"9":{"start":{"line":13,"column":0},"end":{"line":13,"column":24}},"10":{"start":{"line":15,"column":0},"end":{"line":15,"column":21}},"11":{"start":{"line":17,"column":0},"end":{"line":17,"column":22}},"12":{"start":{"line":19,"column":0},"end":{"line":19,"column":21}}},"fnMap":{},"branchMap":{"0":{"loc":{"start":{"line":1,"column":0},"end":{"line":3,"column":1}},"type":"if","locations":[{"start":{"line":1,"column":0},"end":{"line":3,"column":1}},{"start":{},"end":{}}],"line":1}},"s":{"0":2,"1":2,"2":2,"3":2,"4":2,"5":2,"6":2,"7":2,"8":2,"9":2,"10":2,"11":2,"12":2},"f":{},"b":{"0":[2,0]},"_coverageSchema":"1a1c01bbd47fc00a2c39e90264f33305004495a9","hash":"6c4272501734f310c5ab33b0e4a4c69272bc519e"}
,"C:\\Users\\Naufaldillah\\Documents\\GitHub\\Hacktiv8\\P2\\ip-mnaufaldillah\\server\\config\\apiFootballInstance.js": {"path":"C:\\Users\\Naufaldillah\\Documents\\GitHub\\Hacktiv8\\P2\\ip-mnaufaldillah\\server\\config\\apiFootballInstance.js","statementMap":{"0":{"start":{"line":1,"column":14},"end":{"line":1,"column":30}},"1":{"start":{"line":3,"column":28},"end":{"line":5,"column":2}},"2":{"start":{"line":7,"column":0},"end":{"line":7,"column":37}}},"fnMap":{},"branchMap":{},"s":{"0":2,"1":2,"2":2},"f":{},"b":{},"_coverageSchema":"1a1c01bbd47fc00a2c39e90264f33305004495a9","hash":"1fbfe444afb04e3bcf2da7325307b502a782c389"}
,"C:\\Users\\Naufaldillah\\Documents\\GitHub\\Hacktiv8\\P2\\ip-mnaufaldillah\\server\\config\\newsDataInstance.js": {"path":"C:\\Users\\Naufaldillah\\Documents\\GitHub\\Hacktiv8\\P2\\ip-mnaufaldillah\\server\\config\\newsDataInstance.js","statementMap":{"0":{"start":{"line":1,"column":14},"end":{"line":1,"column":30}},"1":{"start":{"line":3,"column":25},"end":{"line":5,"column":2}},"2":{"start":{"line":7,"column":0},"end":{"line":7,"column":34}}},"fnMap":{},"branchMap":{},"s":{"0":2,"1":2,"2":2},"f":{},"b":{},"_coverageSchema":"1a1c01bbd47fc00a2c39e90264f33305004495a9","hash":"0f5ea81400893606a6e6a3910ba1bb885107ac95"}
,"C:\\Users\\Naufaldillah\\Documents\\GitHub\\Hacktiv8\\P2\\ip-mnaufaldillah\\server\\controllers\\ArticleController.js": {"path":"C:\\Users\\Naufaldillah\\Documents\\GitHub\\Hacktiv8\\P2\\ip-mnaufaldillah\\server\\controllers\\ArticleController.js","statementMap":{"0":{"start":{"line":1,"column":25},"end":{"line":1,"column":62}},"1":{"start":{"line":2,"column":22},"end":{"line":2,"column":57}},"2":{"start":{"line":6,"column":8},"end":{"line":21,"column":9}},"3":{"start":{"line":7,"column":29},"end":{"line":16,"column":14}},"4":{"start":{"line":18,"column":12},"end":{"line":18,"column":39}},"5":{"start":{"line":20,"column":12},"end":{"line":20,"column":23}},"6":{"start":{"line":25,"column":8},"end":{"line":58,"column":9}},"7":{"start":{"line":26,"column":34},"end":{"line":26,"column":44}},"8":{"start":{"line":31,"column":29},"end":{"line":38,"column":14}},"9":{"start":{"line":40,"column":31},"end":{"line":40,"column":46}},"10":{"start":{"line":41,"column":33},"end":{"line":41,"column":49}},"11":{"start":{"line":42,"column":36},"end":{"line":42,"column":56}},"12":{"start":{"line":43,"column":39},"end":{"line":43,"column":61}},"13":{"start":{"line":44,"column":35},"end":{"line":44,"column":53}},"14":{"start":{"line":45,"column":32},"end":{"line":45,"column":47}},"15":{"start":{"line":46,"column":32},"end":{"line":46,"column":64}},"16":{"start":{"line":48,"column":12},"end":{"line":55,"column":14}},"17":{"start":{"line":57,"column":12},"end":{"line":57,"column":23}},"18":{"start":{"line":62,"column":0},"end":{"line":62,"column":35}}},"fnMap":{"0":{"name":"(anonymous_0)","decl":{"start":{"line":5,"column":4},"end":{"line":5,"column":5}},"loc":{"start":{"line":5,"column":45},"end":{"line":22,"column":5}},"line":5},"1":{"name":"(anonymous_1)","decl":{"start":{"line":24,"column":4},"end":{"line":24,"column":5}},"loc":{"start":{"line":24,"column":55},"end":{"line":59,"column":5}},"line":24}},"branchMap":{},"s":{"0":2,"1":2,"2":0,"3":0,"4":0,"5":0,"6":0,"7":0,"8":0,"9":0,"10":0,"11":0,"12":0,"13":0,"14":0,"15":0,"16":0,"17":0,"18":2},"f":{"0":0,"1":0},"b":{},"_coverageSchema":"1a1c01bbd47fc00a2c39e90264f33305004495a9","hash":"d233cb83789478c2d19227b044e8478305d97b64"}
,"C:\\Users\\Naufaldillah\\Documents\\GitHub\\Hacktiv8\\P2\\ip-mnaufaldillah\\server\\controllers\\BookmarkContoller.js": {"path":"C:\\Users\\Naufaldillah\\Documents\\GitHub\\Hacktiv8\\P2\\ip-mnaufaldillah\\server\\controllers\\BookmarkContoller.js","statementMap":{"0":{"start":{"line":1,"column":21},"end":{"line":1,"column":50}},"1":{"start":{"line":2,"column":25},"end":{"line":2,"column":62}},"2":{"start":{"line":3,"column":18},"end":{"line":3,"column":38}},"3":{"start":{"line":7,"column":8},"end":{"line":18,"column":9}},"4":{"start":{"line":8,"column":34},"end":{"line":8,"column":42}},"5":{"start":{"line":10,"column":29},"end":{"line":13,"column":14}},"6":{"start":{"line":15,"column":12},"end":{"line":15,"column":43}},"7":{"start":{"line":17,"column":12},"end":{"line":17,"column":23}},"8":{"start":{"line":22,"column":8},"end":{"line":67,"column":9}},"9":{"start":{"line":23,"column":30},"end":{"line":27,"column":14}},"10":{"start":{"line":29,"column":31},"end":{"line":29,"column":33}},"11":{"start":{"line":38,"column":12},"end":{"line":44,"column":13}},"12":{"start":{"line":38,"column":24},"end":{"line":38,"column":25}},"13":{"start":{"line":39,"column":16},"end":{"line":41,"column":17}},"14":{"start":{"line":40,"column":20},"end":{"line":40,"column":26}},"15":{"start":{"line":43,"column":16},"end":{"line":43,"column":58}},"16":{"start":{"line":46,"column":12},"end":{"line":46,"column":50}},"17":{"start":{"line":48,"column":26},"end":{"line":54,"column":13}},"18":{"start":{"line":56,"column":12},"end":{"line":58,"column":13}},"19":{"start":{"line":57,"column":16},"end":{"line":57,"column":48}},"20":{"start":{"line":60,"column":29},"end":{"line":60,"column":60}},"21":{"start":{"line":62,"column":12},"end":{"line":62,"column":39}},"22":{"start":{"line":66,"column":12},"end":{"line":66,"column":23}},"23":{"start":{"line":71,"column":8},"end":{"line":81,"column":9}},"24":{"start":{"line":72,"column":30},"end":{"line":76,"column":14}},"25":{"start":{"line":78,"column":12},"end":{"line":78,"column":44}},"26":{"start":{"line":80,"column":12},"end":{"line":80,"column":23}},"27":{"start":{"line":85,"column":8},"end":{"line":102,"column":9}},"28":{"start":{"line":86,"column":34},"end":{"line":86,"column":44}},"29":{"start":{"line":91,"column":12},"end":{"line":96,"column":15}},"30":{"start":{"line":98,"column":12},"end":{"line":98,"column":74}},"31":{"start":{"line":101,"column":12},"end":{"line":101,"column":23}},"32":{"start":{"line":106,"column":0},"end":{"line":106,"column":36}}},"fnMap":{"0":{"name":"(anonymous_0)","decl":{"start":{"line":6,"column":4},"end":{"line":6,"column":5}},"loc":{"start":{"line":6,"column":48},"end":{"line":19,"column":5}},"line":6},"1":{"name":"(anonymous_1)","decl":{"start":{"line":21,"column":4},"end":{"line":21,"column":5}},"loc":{"start":{"line":21,"column":46},"end":{"line":68,"column":5}},"line":21},"2":{"name":"(anonymous_2)","decl":{"start":{"line":70,"column":4},"end":{"line":70,"column":5}},"loc":{"start":{"line":70,"column":53},"end":{"line":82,"column":5}},"line":70},"3":{"name":"(anonymous_3)","decl":{"start":{"line":84,"column":4},"end":{"line":84,"column":5}},"loc":{"start":{"line":84,"column":48},"end":{"line":103,"column":5}},"line":84}},"branchMap":{"0":{"loc":{"start":{"line":39,"column":16},"end":{"line":41,"column":17}},"type":"if","locations":[{"start":{"line":39,"column":16},"end":{"line":41,"column":17}},{"start":{},"end":{}}],"line":39},"1":{"loc":{"start":{"line":56,"column":12},"end":{"line":58,"column":13}},"type":"if","locations":[{"start":{"line":56,"column":12},"end":{"line":58,"column":13}},{"start":{},"end":{}}],"line":56}},"s":{"0":2,"1":2,"2":2,"3":2,"4":2,"5":2,"6":1,"7":1,"8":0,"9":0,"10":0,"11":0,"12":0,"13":0,"14":0,"15":0,"16":0,"17":0,"18":0,"19":0,"20":0,"21":0,"22":0,"23":1,"24":1,"25":1,"26":0,"27":1,"28":1,"29":1,"30":1,"31":0,"32":2},"f":{"0":2,"1":0,"2":1,"3":1},"b":{"0":[0,0],"1":[0,0]},"_coverageSchema":"1a1c01bbd47fc00a2c39e90264f33305004495a9","hash":"7d81c30d5f00c1d9d7ffd8220ef34b9e39351d93"}
,"C:\\Users\\Naufaldillah\\Documents\\GitHub\\Hacktiv8\\P2\\ip-mnaufaldillah\\server\\controllers\\CommentController.js": {"path":"C:\\Users\\Naufaldillah\\Documents\\GitHub\\Hacktiv8\\P2\\ip-mnaufaldillah\\server\\controllers\\CommentController.js","statementMap":{"0":{"start":{"line":3,"column":8},"end":{"line":7,"column":9}},"1":{"start":{"line":6,"column":12},"end":{"line":6,"column":23}},"2":{"start":{"line":11,"column":8},"end":{"line":15,"column":9}},"3":{"start":{"line":14,"column":12},"end":{"line":14,"column":23}},"4":{"start":{"line":19,"column":8},"end":{"line":23,"column":9}},"5":{"start":{"line":22,"column":12},"end":{"line":22,"column":23}},"6":{"start":{"line":27,"column":8},"end":{"line":31,"column":9}},"7":{"start":{"line":30,"column":12},"end":{"line":30,"column":23}},"8":{"start":{"line":35,"column":0},"end":{"line":35,"column":35}}},"fnMap":{"0":{"name":"(anonymous_0)","decl":{"start":{"line":2,"column":4},"end":{"line":2,"column":5}},"loc":{"start":{"line":2,"column":47},"end":{"line":8,"column":5}},"line":2},"1":{"name":"(anonymous_1)","decl":{"start":{"line":10,"column":4},"end":{"line":10,"column":5}},"loc":{"start":{"line":10,"column":45},"end":{"line":16,"column":5}},"line":10},"2":{"name":"(anonymous_2)","decl":{"start":{"line":18,"column":4},"end":{"line":18,"column":5}},"loc":{"start":{"line":18,"column":45},"end":{"line":24,"column":5}},"line":18},"3":{"name":"(anonymous_3)","decl":{"start":{"line":26,"column":4},"end":{"line":26,"column":5}},"loc":{"start":{"line":26,"column":47},"end":{"line":32,"column":5}},"line":26}},"branchMap":{},"s":{"0":0,"1":0,"2":0,"3":0,"4":0,"5":0,"6":0,"7":0,"8":2},"f":{"0":0,"1":0,"2":0,"3":0},"b":{},"_coverageSchema":"1a1c01bbd47fc00a2c39e90264f33305004495a9","hash":"0ee51a9c9c5cd28a231e6a59836f5a0d2330e00c"}
,"C:\\Users\\Naufaldillah\\Documents\\GitHub\\Hacktiv8\\P2\\ip-mnaufaldillah\\server\\controllers\\MatchController.js": {"path":"C:\\Users\\Naufaldillah\\Documents\\GitHub\\Hacktiv8\\P2\\ip-mnaufaldillah\\server\\controllers\\MatchController.js","statementMap":{"0":{"start":{"line":1,"column":28},"end":{"line":1,"column":68}},"1":{"start":{"line":2,"column":65},"end":{"line":2,"column":98}},"2":{"start":{"line":6,"column":8},"end":{"line":26,"column":9}},"3":{"start":{"line":7,"column":29},"end":{"line":21,"column":14}},"4":{"start":{"line":23,"column":12},"end":{"line":23,"column":39}},"5":{"start":{"line":25,"column":12},"end":{"line":25,"column":23}},"6":{"start":{"line":30,"column":8},"end":{"line":49,"column":9}},"7":{"start":{"line":31,"column":30},"end":{"line":31,"column":40}},"8":{"start":{"line":34,"column":29},"end":{"line":44,"column":14}},"9":{"start":{"line":46,"column":12},"end":{"line":46,"column":38}},"10":{"start":{"line":48,"column":12},"end":{"line":48,"column":23}},"11":{"start":{"line":53,"column":8},"end":{"line":57,"column":9}},"12":{"start":{"line":56,"column":12},"end":{"line":56,"column":23}},"13":{"start":{"line":61,"column":0},"end":{"line":61,"column":33}}},"fnMap":{"0":{"name":"(anonymous_0)","decl":{"start":{"line":5,"column":4},"end":{"line":5,"column":5}},"loc":{"start":{"line":5,"column":44},"end":{"line":27,"column":5}},"line":5},"1":{"name":"(anonymous_1)","decl":{"start":{"line":29,"column":4},"end":{"line":29,"column":5}},"loc":{"start":{"line":29,"column":46},"end":{"line":50,"column":5}},"line":29},"2":{"name":"(anonymous_2)","decl":{"start":{"line":52,"column":4},"end":{"line":52,"column":5}},"loc":{"start":{"line":52,"column":56},"end":{"line":58,"column":5}},"line":52}},"branchMap":{},"s":{"0":2,"1":2,"2":0,"3":0,"4":0,"5":0,"6":0,"7":0,"8":0,"9":0,"10":0,"11":0,"12":0,"13":2},"f":{"0":0,"1":0,"2":0},"b":{},"_coverageSchema":"1a1c01bbd47fc00a2c39e90264f33305004495a9","hash":"b647d678e65fa6f098c73bef8c4060e73b7f9952"}
,"C:\\Users\\Naufaldillah\\Documents\\GitHub\\Hacktiv8\\P2\\ip-mnaufaldillah\\server\\controllers\\UserController.js": {"path":"C:\\Users\\Naufaldillah\\Documents\\GitHub\\Hacktiv8\\P2\\ip-mnaufaldillah\\server\\controllers\\UserController.js","statementMap":{"0":{"start":{"line":1,"column":28},"end":{"line":1,"column":59}},"1":{"start":{"line":2,"column":17},"end":{"line":2,"column":46}},"2":{"start":{"line":3,"column":22},"end":{"line":3,"column":50}},"3":{"start":{"line":4,"column":25},"end":{"line":4,"column":55}},"4":{"start":{"line":5,"column":18},"end":{"line":5,"column":38}},"5":{"start":{"line":6,"column":19},"end":{"line":6,"column":43}},"6":{"start":{"line":7,"column":19},"end":{"line":7,"column":40}},"7":{"start":{"line":11,"column":8},"end":{"line":60,"column":9}},"8":{"start":{"line":12,"column":50},"end":{"line":12,"column":58}},"9":{"start":{"line":14,"column":28},"end":{"line":18,"column":14}},"10":{"start":{"line":20,"column":25},"end":{"line":23,"column":13}},"11":{"start":{"line":25,"column":32},"end":{"line":34,"column":14}},"12":{"start":{"line":36,"column":32},"end":{"line":41,"column":13}},"13":{"start":{"line":43,"column":12},"end":{"line":49,"column":15}},"14":{"start":{"line":44,"column":16},"end":{"line":48,"column":17}},"15":{"start":{"line":45,"column":18},"end":{"line":45,"column":64}},"16":{"start":{"line":47,"column":18},"end":{"line":47,"column":61}},"17":{"start":{"line":51,"column":12},"end":{"line":55,"column":14}},"18":{"start":{"line":59,"column":12},"end":{"line":59,"column":23}},"19":{"start":{"line":64,"column":8},"end":{"line":100,"column":9}},"20":{"start":{"line":65,"column":39},"end":{"line":65,"column":47}},"21":{"start":{"line":67,"column":12},"end":{"line":69,"column":13}},"22":{"start":{"line":68,"column":16},"end":{"line":68,"column":83}},"23":{"start":{"line":71,"column":12},"end":{"line":73,"column":13}},"24":{"start":{"line":72,"column":16},"end":{"line":72,"column":86}},"25":{"start":{"line":75,"column":30},"end":{"line":79,"column":14}},"26":{"start":{"line":81,"column":12},"end":{"line":83,"column":13}},"27":{"start":{"line":82,"column":16},"end":{"line":82,"column":87}},"28":{"start":{"line":85,"column":33},"end":{"line":85,"column":78}},"29":{"start":{"line":87,"column":12},"end":{"line":89,"column":13}},"30":{"start":{"line":88,"column":16},"end":{"line":88,"column":87}},"31":{"start":{"line":91,"column":33},"end":{"line":91,"column":62}},"32":{"start":{"line":93,"column":12},"end":{"line":97,"column":15}},"33":{"start":{"line":99,"column":12},"end":{"line":99,"column":23}},"34":{"start":{"line":104,"column":8},"end":{"line":178,"column":9}},"35":{"start":{"line":105,"column":26},"end":{"line":105,"column":50}},"36":{"start":{"line":106,"column":27},"end":{"line":106,"column":45}},"37":{"start":{"line":108,"column":27},"end":{"line":111,"column":14}},"38":{"start":{"line":113,"column":28},"end":{"line":113,"column":47}},"39":{"start":{"line":117,"column":26},"end":{"line":117,"column":39}},"40":{"start":{"line":118,"column":29},"end":{"line":118,"column":41}},"41":{"start":{"line":120,"column":36},"end":{"line":128,"column":14}},"42":{"start":{"line":130,"column":12},"end":{"line":134,"column":13}},"43":{"start":{"line":131,"column":16},"end":{"line":133,"column":17}},"44":{"start":{"line":132,"column":20},"end":{"line":132,"column":108}},"45":{"start":{"line":136,"column":25},"end":{"line":139,"column":13}},"46":{"start":{"line":141,"column":32},"end":{"line":150,"column":14}},"47":{"start":{"line":152,"column":32},"end":{"line":157,"column":13}},"48":{"start":{"line":159,"column":12},"end":{"line":167,"column":13}},"49":{"start":{"line":160,"column":16},"end":{"line":166,"column":19}},"50":{"start":{"line":161,"column":20},"end":{"line":165,"column":21}},"51":{"start":{"line":162,"column":22},"end":{"line":162,"column":68}},"52":{"start":{"line":164,"column":22},"end":{"line":164,"column":65}},"53":{"start":{"line":169,"column":33},"end":{"line":169,"column":57}},"54":{"start":{"line":171,"column":12},"end":{"line":175,"column":15}},"55":{"start":{"line":177,"column":12},"end":{"line":177,"column":23}},"56":{"start":{"line":182,"column":8},"end":{"line":214,"column":9}},"57":{"start":{"line":183,"column":12},"end":{"line":187,"column":15}},"58":{"start":{"line":189,"column":28},"end":{"line":189,"column":75}},"59":{"start":{"line":191,"column":28},"end":{"line":191,"column":73}},"60":{"start":{"line":193,"column":31},"end":{"line":196,"column":14}},"61":{"start":{"line":198,"column":32},"end":{"line":205,"column":14}},"62":{"start":{"line":207,"column":34},"end":{"line":207,"column":53}},"63":{"start":{"line":209,"column":12},"end":{"line":209,"column":92}},"64":{"start":{"line":211,"column":12},"end":{"line":211,"column":62}},"65":{"start":{"line":213,"column":12},"end":{"line":213,"column":23}},"66":{"start":{"line":218,"column":0},"end":{"line":218,"column":31}}},"fnMap":{"0":{"name":"(anonymous_0)","decl":{"start":{"line":10,"column":4},"end":{"line":10,"column":5}},"loc":{"start":{"line":10,"column":46},"end":{"line":61,"column":5}},"line":10},"1":{"name":"(anonymous_1)","decl":{"start":{"line":43,"column":46},"end":{"line":43,"column":47}},"loc":{"start":{"line":43,"column":63},"end":{"line":49,"column":13}},"line":43},"2":{"name":"(anonymous_2)","decl":{"start":{"line":63,"column":4},"end":{"line":63,"column":5}},"loc":{"start":{"line":63,"column":43},"end":{"line":101,"column":5}},"line":63},"3":{"name":"(anonymous_3)","decl":{"start":{"line":103,"column":4},"end":{"line":103,"column":5}},"loc":{"start":{"line":103,"column":49},"end":{"line":179,"column":5}},"line":103},"4":{"name":"(anonymous_4)","decl":{"start":{"line":160,"column":50},"end":{"line":160,"column":51}},"loc":{"start":{"line":160,"column":67},"end":{"line":166,"column":17}},"line":160},"5":{"name":"(anonymous_5)","decl":{"start":{"line":181,"column":4},"end":{"line":181,"column":5}},"loc":{"start":{"line":181,"column":49},"end":{"line":215,"column":5}},"line":181}},"branchMap":{"0":{"loc":{"start":{"line":44,"column":16},"end":{"line":48,"column":17}},"type":"if","locations":[{"start":{"line":44,"column":16},"end":{"line":48,"column":17}},{"start":{"line":46,"column":23},"end":{"line":48,"column":17}}],"line":44},"1":{"loc":{"start":{"line":67,"column":12},"end":{"line":69,"column":13}},"type":"if","locations":[{"start":{"line":67,"column":12},"end":{"line":69,"column":13}},{"start":{},"end":{}}],"line":67},"2":{"loc":{"start":{"line":71,"column":12},"end":{"line":73,"column":13}},"type":"if","locations":[{"start":{"line":71,"column":12},"end":{"line":73,"column":13}},{"start":{},"end":{}}],"line":71},"3":{"loc":{"start":{"line":81,"column":12},"end":{"line":83,"column":13}},"type":"if","locations":[{"start":{"line":81,"column":12},"end":{"line":83,"column":13}},{"start":{},"end":{}}],"line":81},"4":{"loc":{"start":{"line":87,"column":12},"end":{"line":89,"column":13}},"type":"if","locations":[{"start":{"line":87,"column":12},"end":{"line":89,"column":13}},{"start":{},"end":{}}],"line":87},"5":{"loc":{"start":{"line":130,"column":12},"end":{"line":134,"column":13}},"type":"if","locations":[{"start":{"line":130,"column":12},"end":{"line":134,"column":13}},{"start":{},"end":{}}],"line":130},"6":{"loc":{"start":{"line":131,"column":16},"end":{"line":133,"column":17}},"type":"if","locations":[{"start":{"line":131,"column":16},"end":{"line":133,"column":17}},{"start":{},"end":{}}],"line":131},"7":{"loc":{"start":{"line":159,"column":12},"end":{"line":167,"column":13}},"type":"if","locations":[{"start":{"line":159,"column":12},"end":{"line":167,"column":13}},{"start":{},"end":{}}],"line":159},"8":{"loc":{"start":{"line":161,"column":20},"end":{"line":165,"column":21}},"type":"if","locations":[{"start":{"line":161,"column":20},"end":{"line":165,"column":21}},{"start":{"line":163,"column":27},"end":{"line":165,"column":21}}],"line":161}},"s":{"0":2,"1":2,"2":2,"3":2,"4":2,"5":2,"6":2,"7":4,"8":4,"9":4,"10":1,"11":1,"12":1,"13":1,"14":1,"15":1,"16":0,"17":1,"18":3,"19":5,"20":5,"21":5,"22":1,"23":4,"24":1,"25":3,"26":3,"27":1,"28":2,"29":2,"30":1,"31":1,"32":1,"33":4,"34":0,"35":0,"36":0,"37":0,"38":0,"39":0,"40":0,"41":0,"42":0,"43":0,"44":0,"45":0,"46":0,"47":0,"48":0,"49":0,"50":0,"51":0,"52":0,"53":0,"54":0,"55":0,"56":2,"57":2,"58":2,"59":1,"60":1,"61":1,"62":1,"63":1,"64":1,"65":1,"66":2},"f":{"0":4,"1":1,"2":5,"3":0,"4":0,"5":2},"b":{"0":[1,0],"1":[1,4],"2":[1,3],"3":[1,2],"4":[1,1],"5":[0,0],"6":[0,0],"7":[0,0],"8":[0,0]},"_coverageSchema":"1a1c01bbd47fc00a2c39e90264f33305004495a9","hash":"076aa7750dfb9b9833dba79525c637dfaf203d97"}
,"C:\\Users\\Naufaldillah\\Documents\\GitHub\\Hacktiv8\\P2\\ip-mnaufaldillah\\server\\helpers\\bcrypt.js": {"path":"C:\\Users\\Naufaldillah\\Documents\\GitHub\\Hacktiv8\\P2\\ip-mnaufaldillah\\server\\helpers\\bcrypt.js","statementMap":{"0":{"start":{"line":1,"column":15},"end":{"line":1,"column":34}},"1":{"start":{"line":3,"column":21},"end":{"line":8,"column":1}},"2":{"start":{"line":4,"column":17},"end":{"line":4,"column":39}},"3":{"start":{"line":5,"column":17},"end":{"line":5,"column":48}},"4":{"start":{"line":7,"column":4},"end":{"line":7,"column":16}},"5":{"start":{"line":10,"column":24},"end":{"line":12,"column":1}},"6":{"start":{"line":11,"column":4},"end":{"line":11,"column":54}},"7":{"start":{"line":14,"column":0},"end":{"line":17,"column":1}}},"fnMap":{"0":{"name":"(anonymous_0)","decl":{"start":{"line":3,"column":21},"end":{"line":3,"column":22}},"loc":{"start":{"line":3,"column":35},"end":{"line":8,"column":1}},"line":3},"1":{"name":"(anonymous_1)","decl":{"start":{"line":10,"column":24},"end":{"line":10,"column":25}},"loc":{"start":{"line":10,"column":52},"end":{"line":12,"column":1}},"line":10}},"branchMap":{},"s":{"0":2,"1":2,"2":6,"3":6,"4":6,"5":2,"6":2,"7":2},"f":{"0":6,"1":2},"b":{},"_coverageSchema":"1a1c01bbd47fc00a2c39e90264f33305004495a9","hash":"a0df104e3713f3f90fac5e7eab99dd9829d148f8"}
,"C:\\Users\\Naufaldillah\\Documents\\GitHub\\Hacktiv8\\P2\\ip-mnaufaldillah\\server\\helpers\\currentDate.js": {"path":"C:\\Users\\Naufaldillah\\Documents\\GitHub\\Hacktiv8\\P2\\ip-mnaufaldillah\\server\\helpers\\currentDate.js","statementMap":{"0":{"start":{"line":2,"column":16},"end":{"line":2,"column":26}},"1":{"start":{"line":3,"column":4},"end":{"line":3,"column":39}},"2":{"start":{"line":5,"column":16},"end":{"line":5,"column":31}},"3":{"start":{"line":6,"column":18},"end":{"line":6,"column":38}},"4":{"start":{"line":7,"column":17},"end":{"line":7,"column":36}},"5":{"start":{"line":9,"column":28},"end":{"line":9,"column":103}},"6":{"start":{"line":11,"column":4},"end":{"line":11,"column":27}},"7":{"start":{"line":15,"column":16},"end":{"line":15,"column":26}},"8":{"start":{"line":16,"column":4},"end":{"line":16,"column":39}},"9":{"start":{"line":18,"column":16},"end":{"line":18,"column":31}},"10":{"start":{"line":19,"column":18},"end":{"line":19,"column":38}},"11":{"start":{"line":20,"column":17},"end":{"line":20,"column":36}},"12":{"start":{"line":22,"column":28},"end":{"line":22,"column":103}},"13":{"start":{"line":24,"column":4},"end":{"line":24,"column":27}},"14":{"start":{"line":27,"column":0},"end":{"line":30,"column":1}}},"fnMap":{"0":{"name":"lastTwoDaysfromCurrentDay","decl":{"start":{"line":1,"column":9},"end":{"line":1,"column":34}},"loc":{"start":{"line":1,"column":37},"end":{"line":12,"column":1}},"line":1},"1":{"name":"nextTwoDaysfromCurrentDay","decl":{"start":{"line":14,"column":9},"end":{"line":14,"column":34}},"loc":{"start":{"line":14,"column":37},"end":{"line":25,"column":1}},"line":14}},"branchMap":{"0":{"loc":{"start":{"line":9,"column":39},"end":{"line":9,"column":71}},"type":"cond-expr","locations":[{"start":{"line":9,"column":52},"end":{"line":9,"column":63}},{"start":{"line":9,"column":66},"end":{"line":9,"column":71}}],"line":9},"1":{"loc":{"start":{"line":9,"column":75},"end":{"line":9,"column":101}},"type":"cond-expr","locations":[{"start":{"line":9,"column":86},"end":{"line":9,"column":95}},{"start":{"line":9,"column":98},"end":{"line":9,"column":101}}],"line":9},"2":{"loc":{"start":{"line":22,"column":39},"end":{"line":22,"column":71}},"type":"cond-expr","locations":[{"start":{"line":22,"column":52},"end":{"line":22,"column":63}},{"start":{"line":22,"column":66},"end":{"line":22,"column":71}}],"line":22},"3":{"loc":{"start":{"line":22,"column":75},"end":{"line":22,"column":101}},"type":"cond-expr","locations":[{"start":{"line":22,"column":86},"end":{"line":22,"column":95}},{"start":{"line":22,"column":98},"end":{"line":22,"column":101}}],"line":22}},"s":{"0":0,"1":0,"2":0,"3":0,"4":0,"5":0,"6":0,"7":0,"8":0,"9":0,"10":0,"11":0,"12":0,"13":0,"14":2},"f":{"0":0,"1":0},"b":{"0":[0,0],"1":[0,0],"2":[0,0],"3":[0,0]},"_coverageSchema":"1a1c01bbd47fc00a2c39e90264f33305004495a9","hash":"1787c564e490fae8a8d5f053946a43bead183f27"}
,"C:\\Users\\Naufaldillah\\Documents\\GitHub\\Hacktiv8\\P2\\ip-mnaufaldillah\\server\\helpers\\jwt.js": {"path":"C:\\Users\\Naufaldillah\\Documents\\GitHub\\Hacktiv8\\P2\\ip-mnaufaldillah\\server\\helpers\\jwt.js","statementMap":{"0":{"start":{"line":1,"column":12},"end":{"line":1,"column":35}},"1":{"start":{"line":3,"column":15},"end":{"line":3,"column":33}},"2":{"start":{"line":6,"column":18},"end":{"line":8,"column":1}},"3":{"start":{"line":7,"column":4},"end":{"line":7,"column":37}},"4":{"start":{"line":10,"column":20},"end":{"line":12,"column":1}},"5":{"start":{"line":11,"column":4},"end":{"line":11,"column":37}},"6":{"start":{"line":14,"column":0},"end":{"line":14,"column":43}}},"fnMap":{"0":{"name":"(anonymous_0)","decl":{"start":{"line":6,"column":18},"end":{"line":6,"column":19}},"loc":{"start":{"line":6,"column":31},"end":{"line":8,"column":1}},"line":6},"1":{"name":"(anonymous_1)","decl":{"start":{"line":10,"column":20},"end":{"line":10,"column":21}},"loc":{"start":{"line":10,"column":31},"end":{"line":12,"column":1}},"line":10}},"branchMap":{},"s":{"0":2,"1":2,"2":2,"3":3,"4":2,"5":7,"6":2},"f":{"0":3,"1":7},"b":{},"_coverageSchema":"1a1c01bbd47fc00a2c39e90264f33305004495a9","hash":"e0f54ba071ea17e13848d0cb512b63cb4a811fae"}
,"C:\\Users\\Naufaldillah\\Documents\\GitHub\\Hacktiv8\\P2\\ip-mnaufaldillah\\server\\helpers\\summaryGemini.js": {"path":"C:\\Users\\Naufaldillah\\Documents\\GitHub\\Hacktiv8\\P2\\ip-mnaufaldillah\\server\\helpers\\summaryGemini.js","statementMap":{"0":{"start":{"line":1,"column":31},"end":{"line":1,"column":63}},"1":{"start":{"line":3,"column":22},"end":{"line":22,"column":1}},"2":{"start":{"line":5,"column":18},"end":{"line":5,"column":71}},"3":{"start":{"line":7,"column":18},"end":{"line":7,"column":72}},"4":{"start":{"line":9,"column":19},"end":{"line":12,"column":19}},"5":{"start":{"line":14,"column":19},"end":{"line":14,"column":54}},"6":{"start":{"line":15,"column":21},"end":{"line":15,"column":36}},"7":{"start":{"line":16,"column":17},"end":{"line":16,"column":32}},"8":{"start":{"line":21,"column":4},"end":{"line":21,"column":16}},"9":{"start":{"line":24,"column":0},"end":{"line":24,"column":31}}},"fnMap":{"0":{"name":"(anonymous_0)","decl":{"start":{"line":3,"column":22},"end":{"line":3,"column":23}},"loc":{"start":{"line":3,"column":45},"end":{"line":22,"column":1}},"line":3}},"branchMap":{},"s":{"0":2,"1":2,"2":0,"3":0,"4":0,"5":0,"6":0,"7":0,"8":0,"9":2},"f":{"0":0},"b":{},"_coverageSchema":"1a1c01bbd47fc00a2c39e90264f33305004495a9","hash":"5065618fce6c3e791d6430817f1e5bb9944427dd"}
,"C:\\Users\\Naufaldillah\\Documents\\GitHub\\Hacktiv8\\P2\\ip-mnaufaldillah\\server\\middleware\\authentications.js": {"path":"C:\\Users\\Naufaldillah\\Documents\\GitHub\\Hacktiv8\\P2\\ip-mnaufaldillah\\server\\middleware\\authentications.js","statementMap":{"0":{"start":{"line":1,"column":17},"end":{"line":1,"column":46}},"1":{"start":{"line":2,"column":24},"end":{"line":2,"column":52}},"2":{"start":{"line":5,"column":4},"end":{"line":34,"column":5}},"3":{"start":{"line":6,"column":29},"end":{"line":6,"column":54}},"4":{"start":{"line":8,"column":8},"end":{"line":10,"column":9}},"5":{"start":{"line":9,"column":12},"end":{"line":9,"column":46}},"6":{"start":{"line":12,"column":30},"end":{"line":12,"column":53}},"7":{"start":{"line":14,"column":8},"end":{"line":16,"column":9}},"8":{"start":{"line":15,"column":12},"end":{"line":15,"column":46}},"9":{"start":{"line":18,"column":23},"end":{"line":18,"column":41}},"10":{"start":{"line":20,"column":26},"end":{"line":20,"column":56}},"11":{"start":{"line":22,"column":8},"end":{"line":24,"column":9}},"12":{"start":{"line":23,"column":12},"end":{"line":23,"column":46}},"13":{"start":{"line":26,"column":8},"end":{"line":26,"column":32}},"14":{"start":{"line":27,"column":8},"end":{"line":27,"column":46}},"15":{"start":{"line":28,"column":8},"end":{"line":28,"column":40}},"16":{"start":{"line":30,"column":8},"end":{"line":30,"column":15}},"17":{"start":{"line":33,"column":8},"end":{"line":33,"column":19}},"18":{"start":{"line":37,"column":0},"end":{"line":37,"column":32}}},"fnMap":{"0":{"name":"authentication","decl":{"start":{"line":4,"column":15},"end":{"line":4,"column":29}},"loc":{"start":{"line":4,"column":46},"end":{"line":35,"column":1}},"line":4}},"branchMap":{"0":{"loc":{"start":{"line":8,"column":8},"end":{"line":10,"column":9}},"type":"if","locations":[{"start":{"line":8,"column":8},"end":{"line":10,"column":9}},{"start":{},"end":{}}],"line":8},"1":{"loc":{"start":{"line":14,"column":8},"end":{"line":16,"column":9}},"type":"if","locations":[{"start":{"line":14,"column":8},"end":{"line":16,"column":9}},{"start":{},"end":{}}],"line":14},"2":{"loc":{"start":{"line":22,"column":8},"end":{"line":24,"column":9}},"type":"if","locations":[{"start":{"line":22,"column":8},"end":{"line":24,"column":9}},{"start":{},"end":{}}],"line":22}},"s":{"0":2,"1":2,"2":11,"3":11,"4":11,"5":4,"6":7,"7":7,"8":0,"9":7,"10":7,"11":7,"12":0,"13":7,"14":7,"15":7,"16":7,"17":4,"18":2},"f":{"0":11},"b":{"0":[4,7],"1":[0,7],"2":[0,7]},"_coverageSchema":"1a1c01bbd47fc00a2c39e90264f33305004495a9","hash":"1f69e3df86d834e5de52f84c5ab17075c53a8483"}
,"C:\\Users\\Naufaldillah\\Documents\\GitHub\\Hacktiv8\\P2\\ip-mnaufaldillah\\server\\middleware\\authorizationBookmark.js": {"path":"C:\\Users\\Naufaldillah\\Documents\\GitHub\\Hacktiv8\\P2\\ip-mnaufaldillah\\server\\middleware\\authorizationBookmark.js","statementMap":{"0":{"start":{"line":1,"column":21},"end":{"line":1,"column":50}},"1":{"start":{"line":4,"column":4},"end":{"line":28,"column":5}},"2":{"start":{"line":5,"column":30},"end":{"line":5,"column":40}},"3":{"start":{"line":6,"column":8},"end":{"line":6,"column":59}},"4":{"start":{"line":8,"column":25},"end":{"line":13,"column":10}},"5":{"start":{"line":15,"column":8},"end":{"line":17,"column":9}},"6":{"start":{"line":16,"column":12},"end":{"line":16,"column":37}},"7":{"start":{"line":19,"column":8},"end":{"line":21,"column":9}},"8":{"start":{"line":20,"column":12},"end":{"line":20,"column":39}},"9":{"start":{"line":23,"column":8},"end":{"line":23,"column":15}},"10":{"start":{"line":25,"column":8},"end":{"line":25,"column":55}},"11":{"start":{"line":27,"column":8},"end":{"line":27,"column":19}},"12":{"start":{"line":31,"column":0},"end":{"line":31,"column":39}}},"fnMap":{"0":{"name":"authorizationBookmark","decl":{"start":{"line":3,"column":15},"end":{"line":3,"column":36}},"loc":{"start":{"line":3,"column":54},"end":{"line":29,"column":1}},"line":3}},"branchMap":{"0":{"loc":{"start":{"line":15,"column":8},"end":{"line":17,"column":9}},"type":"if","locations":[{"start":{"line":15,"column":8},"end":{"line":17,"column":9}},{"start":{},"end":{}}],"line":15},"1":{"loc":{"start":{"line":19,"column":8},"end":{"line":21,"column":9}},"type":"if","locations":[{"start":{"line":19,"column":8},"end":{"line":21,"column":9}},{"start":{},"end":{}}],"line":19}},"s":{"0":2,"1":2,"2":2,"3":2,"4":2,"5":2,"6":1,"7":1,"8":0,"9":1,"10":1,"11":1,"12":2},"f":{"0":2},"b":{"0":[1,1],"1":[0,1]},"_coverageSchema":"1a1c01bbd47fc00a2c39e90264f33305004495a9","hash":"9d14d395c4318d12b669a8fcac2c1f521aaa93ef"}
,"C:\\Users\\Naufaldillah\\Documents\\GitHub\\Hacktiv8\\P2\\ip-mnaufaldillah\\server\\middleware\\authorizationComment.js": {"path":"C:\\Users\\Naufaldillah\\Documents\\GitHub\\Hacktiv8\\P2\\ip-mnaufaldillah\\server\\middleware\\authorizationComment.js","statementMap":{"0":{"start":{"line":1,"column":20},"end":{"line":1,"column":49}},"1":{"start":{"line":4,"column":4},"end":{"line":19,"column":5}},"2":{"start":{"line":5,"column":30},"end":{"line":5,"column":40}},"3":{"start":{"line":6,"column":24},"end":{"line":6,"column":57}},"4":{"start":{"line":8,"column":8},"end":{"line":10,"column":9}},"5":{"start":{"line":9,"column":12},"end":{"line":9,"column":37}},"6":{"start":{"line":12,"column":8},"end":{"line":14,"column":9}},"7":{"start":{"line":13,"column":12},"end":{"line":13,"column":39}},"8":{"start":{"line":16,"column":8},"end":{"line":16,"column":15}},"9":{"start":{"line":18,"column":8},"end":{"line":18,"column":19}},"10":{"start":{"line":22,"column":0},"end":{"line":22,"column":38}}},"fnMap":{"0":{"name":"authorizationComment","decl":{"start":{"line":3,"column":15},"end":{"line":3,"column":35}},"loc":{"start":{"line":3,"column":53},"end":{"line":20,"column":1}},"line":3}},"branchMap":{"0":{"loc":{"start":{"line":8,"column":8},"end":{"line":10,"column":9}},"type":"if","locations":[{"start":{"line":8,"column":8},"end":{"line":10,"column":9}},{"start":{},"end":{}}],"line":8},"1":{"loc":{"start":{"line":12,"column":8},"end":{"line":14,"column":9}},"type":"if","locations":[{"start":{"line":12,"column":8},"end":{"line":14,"column":9}},{"start":{},"end":{}}],"line":12}},"s":{"0":2,"1":0,"2":0,"3":0,"4":0,"5":0,"6":0,"7":0,"8":0,"9":0,"10":2},"f":{"0":0},"b":{"0":[0,0],"1":[0,0]},"_coverageSchema":"1a1c01bbd47fc00a2c39e90264f33305004495a9","hash":"b4aef5b5d4af2ce3c8e0d3064289bd1874138f69"}
,"C:\\Users\\Naufaldillah\\Documents\\GitHub\\Hacktiv8\\P2\\ip-mnaufaldillah\\server\\middleware\\errorHandler.js": {"path":"C:\\Users\\Naufaldillah\\Documents\\GitHub\\Hacktiv8\\P2\\ip-mnaufaldillah\\server\\middleware\\errorHandler.js","statementMap":{"0":{"start":{"line":2,"column":17},"end":{"line":2,"column":36}},"1":{"start":{"line":3,"column":18},"end":{"line":3,"column":58}},"2":{"start":{"line":5,"column":4},"end":{"line":5,"column":23}},"3":{"start":{"line":7,"column":4},"end":{"line":32,"column":1}},"4":{"start":{"line":10,"column":12},"end":{"line":10,"column":25}},"5":{"start":{"line":11,"column":12},"end":{"line":11,"column":46}},"6":{"start":{"line":12,"column":12},"end":{"line":12,"column":18}},"7":{"start":{"line":17,"column":12},"end":{"line":17,"column":25}},"8":{"start":{"line":18,"column":12},"end":{"line":18,"column":36}},"9":{"start":{"line":19,"column":12},"end":{"line":19,"column":18}},"10":{"start":{"line":21,"column":12},"end":{"line":21,"column":25}},"11":{"start":{"line":22,"column":12},"end":{"line":22,"column":39}},"12":{"start":{"line":23,"column":12},"end":{"line":23,"column":18}},"13":{"start":{"line":25,"column":12},"end":{"line":25,"column":25}},"14":{"start":{"line":26,"column":12},"end":{"line":26,"column":62}},"15":{"start":{"line":27,"column":12},"end":{"line":27,"column":18}},"16":{"start":{"line":29,"column":12},"end":{"line":29,"column":25}},"17":{"start":{"line":30,"column":12},"end":{"line":30,"column":42}},"18":{"start":{"line":31,"column":12},"end":{"line":31,"column":18}},"19":{"start":{"line":34,"column":4},"end":{"line":34,"column":49}},"20":{"start":{"line":37,"column":0},"end":{"line":37,"column":30}}},"fnMap":{"0":{"name":"errorHandler","decl":{"start":{"line":1,"column":9},"end":{"line":1,"column":21}},"loc":{"start":{"line":1,"column":45},"end":{"line":35,"column":1}},"line":1}},"branchMap":{"0":{"loc":{"start":{"line":2,"column":17},"end":{"line":2,"column":36}},"type":"binary-expr","locations":[{"start":{"line":2,"column":17},"end":{"line":2,"column":29}},{"start":{"line":2,"column":33},"end":{"line":2,"column":36}}],"line":2},"1":{"loc":{"start":{"line":3,"column":18},"end":{"line":3,"column":58}},"type":"binary-expr","locations":[{"start":{"line":3,"column":18},"end":{"line":3,"column":31}},{"start":{"line":3,"column":35},"end":{"line":3,"column":58}}],"line":3},"2":{"loc":{"start":{"line":7,"column":4},"end":{"line":32,"column":1}},"type":"switch","locations":[{"start":{"line":8,"column":8},"end":{"line":8,"column":40}},{"start":{"line":9,"column":8},"end":{"line":12,"column":18}},{"start":{"line":13,"column":8},"end":{"line":13,"column":26}},{"start":{"line":14,"column":8},"end":{"line":14,"column":28}},{"start":{"line":15,"column":8},"end":{"line":15,"column":35}},{"start":{"line":16,"column":8},"end":{"line":19,"column":18}},{"start":{"line":20,"column":8},"end":{"line":23,"column":18}},{"start":{"line":24,"column":8},"end":{"line":27,"column":18}},{"start":{"line":28,"column":8},"end":{"line":31,"column":18}}],"line":7}},"s":{"0":14,"1":14,"2":14,"3":14,"4":4,"5":4,"6":4,"7":4,"8":4,"9":4,"10":4,"11":4,"12":4,"13":0,"14":0,"15":0,"16":1,"17":1,"18":1,"19":14,"20":2},"f":{"0":14},"b":{"0":[14,14],"1":[14,5],"2":[3,4,0,2,4,4,4,0,1]},"_coverageSchema":"1a1c01bbd47fc00a2c39e90264f33305004495a9","hash":"6b5b9a6e40d2fa96a3f864fb7fb1caad1a9a26be"}
,"C:\\Users\\Naufaldillah\\Documents\\GitHub\\Hacktiv8\\P2\\ip-mnaufaldillah\\server\\models\\bookmark.js": {"path":"C:\\Users\\Naufaldillah\\Documents\\GitHub\\Hacktiv8\\P2\\ip-mnaufaldillah\\server\\models\\bookmark.js","statementMap":{"0":{"start":{"line":4,"column":4},"end":{"line":4,"column":24}},"1":{"start":{"line":5,"column":0},"end":{"line":48,"column":2}},"2":{"start":{"line":13,"column":6},"end":{"line":15,"column":9}},"3":{"start":{"line":18,"column":2},"end":{"line":46,"column":5}},"4":{"start":{"line":47,"column":2},"end":{"line":47,"column":18}}},"fnMap":{"0":{"name":"(anonymous_0)","decl":{"start":{"line":5,"column":17},"end":{"line":5,"column":18}},"loc":{"start":{"line":5,"column":43},"end":{"line":48,"column":1}},"line":5},"1":{"name":"(anonymous_1)","decl":{"start":{"line":12,"column":4},"end":{"line":12,"column":5}},"loc":{"start":{"line":12,"column":29},"end":{"line":16,"column":5}},"line":12}},"branchMap":{},"s":{"0":2,"1":2,"2":2,"3":2,"4":2},"f":{"0":2,"1":2},"b":{},"_coverageSchema":"1a1c01bbd47fc00a2c39e90264f33305004495a9","hash":"c58ccce1649de962f629a46f69df90347b3ff32b"}
,"C:\\Users\\Naufaldillah\\Documents\\GitHub\\Hacktiv8\\P2\\ip-mnaufaldillah\\server\\models\\comment.js": {"path":"C:\\Users\\Naufaldillah\\Documents\\GitHub\\Hacktiv8\\P2\\ip-mnaufaldillah\\server\\models\\comment.js","statementMap":{"0":{"start":{"line":4,"column":4},"end":{"line":4,"column":24}},"1":{"start":{"line":5,"column":0},"end":{"line":60,"column":2}},"2":{"start":{"line":13,"column":6},"end":{"line":15,"column":9}},"3":{"start":{"line":18,"column":2},"end":{"line":58,"column":5}},"4":{"start":{"line":59,"column":2},"end":{"line":59,"column":17}}},"fnMap":{"0":{"name":"(anonymous_0)","decl":{"start":{"line":5,"column":17},"end":{"line":5,"column":18}},"loc":{"start":{"line":5,"column":43},"end":{"line":60,"column":1}},"line":5},"1":{"name":"(anonymous_1)","decl":{"start":{"line":12,"column":4},"end":{"line":12,"column":5}},"loc":{"start":{"line":12,"column":29},"end":{"line":16,"column":5}},"line":12}},"branchMap":{},"s":{"0":2,"1":2,"2":2,"3":2,"4":2},"f":{"0":2,"1":2},"b":{},"_coverageSchema":"1a1c01bbd47fc00a2c39e90264f33305004495a9","hash":"9650059ea647188ea87e9e95860818563e837147"}
,"C:\\Users\\Naufaldillah\\Documents\\GitHub\\Hacktiv8\\P2\\ip-mnaufaldillah\\server\\models\\index.js": {"path":"C:\\Users\\Naufaldillah\\Documents\\GitHub\\Hacktiv8\\P2\\ip-mnaufaldillah\\server\\models\\index.js","statementMap":{"0":{"start":{"line":3,"column":11},"end":{"line":3,"column":24}},"1":{"start":{"line":4,"column":13},"end":{"line":4,"column":28}},"2":{"start":{"line":5,"column":18},"end":{"line":5,"column":38}},"3":{"start":{"line":6,"column":16},"end":{"line":6,"column":34}},"4":{"start":{"line":7,"column":17},"end":{"line":7,"column":42}},"5":{"start":{"line":8,"column":12},"end":{"line":8,"column":49}},"6":{"start":{"line":9,"column":15},"end":{"line":9,"column":65}},"7":{"start":{"line":10,"column":11},"end":{"line":10,"column":13}},"8":{"start":{"line":13,"column":0},"end":{"line":17,"column":1}},"9":{"start":{"line":14,"column":2},"end":{"line":14,"column":74}},"10":{"start":{"line":16,"column":2},"end":{"line":16,"column":87}},"11":{"start":{"line":19,"column":0},"end":{"line":32,"column":5}},"12":{"start":{"line":22,"column":4},"end":{"line":27,"column":6}},"13":{"start":{"line":30,"column":18},"end":{"line":30,"column":85}},"14":{"start":{"line":31,"column":4},"end":{"line":31,"column":27}},"15":{"start":{"line":34,"column":0},"end":{"line":38,"column":3}},"16":{"start":{"line":35,"column":2},"end":{"line":37,"column":3}},"17":{"start":{"line":36,"column":4},"end":{"line":36,"column":32}},"18":{"start":{"line":40,"column":0},"end":{"line":40,"column":25}},"19":{"start":{"line":41,"column":0},"end":{"line":41,"column":25}},"20":{"start":{"line":43,"column":0},"end":{"line":43,"column":20}}},"fnMap":{"0":{"name":"(anonymous_0)","decl":{"start":{"line":21,"column":10},"end":{"line":21,"column":11}},"loc":{"start":{"line":21,"column":18},"end":{"line":28,"column":3}},"line":21},"1":{"name":"(anonymous_1)","decl":{"start":{"line":29,"column":11},"end":{"line":29,"column":12}},"loc":{"start":{"line":29,"column":19},"end":{"line":32,"column":3}},"line":29},"2":{"name":"(anonymous_2)","decl":{"start":{"line":34,"column":24},"end":{"line":34,"column":25}},"loc":{"start":{"line":34,"column":37},"end":{"line":38,"column":1}},"line":34}},"branchMap":{"0":{"loc":{"start":{"line":8,"column":12},"end":{"line":8,"column":49}},"type":"binary-expr","locations":[{"start":{"line":8,"column":12},"end":{"line":8,"column":32}},{"start":{"line":8,"column":36},"end":{"line":8,"column":49}}],"line":8},"1":{"loc":{"start":{"line":13,"column":0},"end":{"line":17,"column":1}},"type":"if","locations":[{"start":{"line":13,"column":0},"end":{"line":17,"column":1}},{"start":{"line":15,"column":7},"end":{"line":17,"column":1}}],"line":13},"2":{"loc":{"start":{"line":23,"column":6},"end":{"line":26,"column":37}},"type":"binary-expr","locations":[{"start":{"line":23,"column":6},"end":{"line":23,"column":29}},{"start":{"line":24,"column":6},"end":{"line":24,"column":23}},{"start":{"line":25,"column":6},"end":{"line":25,"column":30}},{"start":{"line":26,"column":6},"end":{"line":26,"column":37}}],"line":23},"3":{"loc":{"start":{"line":35,"column":2},"end":{"line":37,"column":3}},"type":"if","locations":[{"start":{"line":35,"column":2},"end":{"line":37,"column":3}},{"start":{},"end":{}}],"line":35}},"s":{"0":2,"1":2,"2":2,"3":2,"4":2,"5":2,"6":2,"7":2,"8":2,"9":0,"10":2,"11":2,"12":10,"13":8,"14":8,"15":2,"16":8,"17":8,"18":2,"19":2,"20":2},"f":{"0":10,"1":8,"2":8},"b":{"0":[2,0],"1":[0,2],"2":[10,10,8,8],"3":[8,0]},"_coverageSchema":"1a1c01bbd47fc00a2c39e90264f33305004495a9","hash":"515b5cec25131e72f8f125b9abbe89ffdf915551"}
,"C:\\Users\\Naufaldillah\\Documents\\GitHub\\Hacktiv8\\P2\\ip-mnaufaldillah\\server\\models\\user.js": {"path":"C:\\Users\\Naufaldillah\\Documents\\GitHub\\Hacktiv8\\P2\\ip-mnaufaldillah\\server\\models\\user.js","statementMap":{"0":{"start":{"line":2,"column":42},"end":{"line":2,"column":70}},"1":{"start":{"line":5,"column":4},"end":{"line":5,"column":24}},"2":{"start":{"line":6,"column":0},"end":{"line":85,"column":2}},"3":{"start":{"line":15,"column":6},"end":{"line":17,"column":9}},"4":{"start":{"line":19,"column":6},"end":{"line":21,"column":9}},"5":{"start":{"line":24,"column":2},"end":{"line":78,"column":5}},"6":{"start":{"line":80,"column":2},"end":{"line":83,"column":4}},"7":{"start":{"line":81,"column":4},"end":{"line":81,"column":56}},"8":{"start":{"line":82,"column":4},"end":{"line":82,"column":27}},"9":{"start":{"line":84,"column":2},"end":{"line":84,"column":14}}},"fnMap":{"0":{"name":"(anonymous_0)","decl":{"start":{"line":6,"column":17},"end":{"line":6,"column":18}},"loc":{"start":{"line":6,"column":43},"end":{"line":85,"column":1}},"line":6},"1":{"name":"(anonymous_1)","decl":{"start":{"line":13,"column":4},"end":{"line":13,"column":5}},"loc":{"start":{"line":13,"column":29},"end":{"line":22,"column":5}},"line":13},"2":{"name":"(anonymous_2)","decl":{"start":{"line":80,"column":20},"end":{"line":80,"column":21}},"loc":{"start":{"line":80,"column":34},"end":{"line":83,"column":3}},"line":80}},"branchMap":{},"s":{"0":2,"1":2,"2":2,"3":2,"4":2,"5":2,"6":2,"7":2,"8":2,"9":2},"f":{"0":2,"1":2,"2":2},"b":{},"_coverageSchema":"1a1c01bbd47fc00a2c39e90264f33305004495a9","hash":"8739059684f584633bc7e4795149504b938a0705"}
,"C:\\Users\\Naufaldillah\\Documents\\GitHub\\Hacktiv8\\P2\\ip-mnaufaldillah\\server\\models\\userarticle.js": {"path":"C:\\Users\\Naufaldillah\\Documents\\GitHub\\Hacktiv8\\P2\\ip-mnaufaldillah\\server\\models\\userarticle.js","statementMap":{"0":{"start":{"line":4,"column":4},"end":{"line":4,"column":24}},"1":{"start":{"line":5,"column":0},"end":{"line":26,"column":2}},"2":{"start":{"line":16,"column":2},"end":{"line":24,"column":5}},"3":{"start":{"line":25,"column":2},"end":{"line":25,"column":21}}},"fnMap":{"0":{"name":"(anonymous_0)","decl":{"start":{"line":5,"column":17},"end":{"line":5,"column":18}},"loc":{"start":{"line":5,"column":43},"end":{"line":26,"column":1}},"line":5},"1":{"name":"(anonymous_1)","decl":{"start":{"line":12,"column":4},"end":{"line":12,"column":5}},"loc":{"start":{"line":12,"column":29},"end":{"line":14,"column":5}},"line":12}},"branchMap":{},"s":{"0":2,"1":2,"2":2,"3":2},"f":{"0":2,"1":2},"b":{},"_coverageSchema":"1a1c01bbd47fc00a2c39e90264f33305004495a9","hash":"0ae4ee592c3324d5683816336efa9cc612f07d86"}
,"C:\\Users\\Naufaldillah\\Documents\\GitHub\\Hacktiv8\\P2\\ip-mnaufaldillah\\server\\routes\\articles.js": {"path":"C:\\Users\\Naufaldillah\\Documents\\GitHub\\Hacktiv8\\P2\\ip-mnaufaldillah\\server\\routes\\articles.js","statementMap":{"0":{"start":{"line":1,"column":26},"end":{"line":1,"column":69}},"1":{"start":{"line":2,"column":15},"end":{"line":2,"column":42}},"2":{"start":{"line":4,"column":0},"end":{"line":4,"column":47}},"3":{"start":{"line":5,"column":0},"end":{"line":5,"column":67}},"4":{"start":{"line":7,"column":0},"end":{"line":7,"column":24}}},"fnMap":{},"branchMap":{},"s":{"0":2,"1":2,"2":2,"3":2,"4":2},"f":{},"b":{},"_coverageSchema":"1a1c01bbd47fc00a2c39e90264f33305004495a9","hash":"fc049abe4f2b19b225709d2255b684f119cc949a"}
,"C:\\Users\\Naufaldillah\\Documents\\GitHub\\Hacktiv8\\P2\\ip-mnaufaldillah\\server\\routes\\bookmarks.js": {"path":"C:\\Users\\Naufaldillah\\Documents\\GitHub\\Hacktiv8\\P2\\ip-mnaufaldillah\\server\\routes\\bookmarks.js","statementMap":{"0":{"start":{"line":1,"column":27},"end":{"line":1,"column":70}},"1":{"start":{"line":2,"column":30},"end":{"line":2,"column":76}},"2":{"start":{"line":3,"column":15},"end":{"line":3,"column":42}},"3":{"start":{"line":6,"column":0},"end":{"line":6,"column":52}},"4":{"start":{"line":7,"column":0},"end":{"line":7,"column":49}},"5":{"start":{"line":8,"column":0},"end":{"line":8,"column":60}},"6":{"start":{"line":9,"column":0},"end":{"line":9,"column":87}},"7":{"start":{"line":11,"column":0},"end":{"line":11,"column":24}}},"fnMap":{},"branchMap":{},"s":{"0":2,"1":2,"2":2,"3":2,"4":2,"5":2,"6":2,"7":2},"f":{},"b":{},"_coverageSchema":"1a1c01bbd47fc00a2c39e90264f33305004495a9","hash":"b2dfc008829e355923ffba1cc44acdcce2daaee8"}
,"C:\\Users\\Naufaldillah\\Documents\\GitHub\\Hacktiv8\\P2\\ip-mnaufaldillah\\server\\routes\\comments.js": {"path":"C:\\Users\\Naufaldillah\\Documents\\GitHub\\Hacktiv8\\P2\\ip-mnaufaldillah\\server\\routes\\comments.js","statementMap":{"0":{"start":{"line":1,"column":26},"end":{"line":1,"column":69}},"1":{"start":{"line":2,"column":29},"end":{"line":2,"column":74}},"2":{"start":{"line":3,"column":15},"end":{"line":3,"column":42}},"3":{"start":{"line":6,"column":0},"end":{"line":6,"column":50}},"4":{"start":{"line":7,"column":0},"end":{"line":7,"column":47}},"5":{"start":{"line":8,"column":0},"end":{"line":8,"column":79}},"6":{"start":{"line":9,"column":0},"end":{"line":9,"column":84}},"7":{"start":{"line":11,"column":0},"end":{"line":11,"column":24}}},"fnMap":{},"branchMap":{},"s":{"0":2,"1":2,"2":2,"3":2,"4":2,"5":2,"6":2,"7":2},"f":{},"b":{},"_coverageSchema":"1a1c01bbd47fc00a2c39e90264f33305004495a9","hash":"73fe43b50be6e35423b3c6ea43151f4f628dd372"}
,"C:\\Users\\Naufaldillah\\Documents\\GitHub\\Hacktiv8\\P2\\ip-mnaufaldillah\\server\\routes\\index.js": {"path":"C:\\Users\\Naufaldillah\\Documents\\GitHub\\Hacktiv8\\P2\\ip-mnaufaldillah\\server\\routes\\index.js","statementMap":{"0":{"start":{"line":1,"column":23},"end":{"line":1,"column":63}},"1":{"start":{"line":2,"column":23},"end":{"line":2,"column":63}},"2":{"start":{"line":4,"column":15},"end":{"line":4,"column":42}},"3":{"start":{"line":5,"column":20},"end":{"line":5,"column":43}},"4":{"start":{"line":6,"column":22},"end":{"line":6,"column":46}},"5":{"start":{"line":7,"column":23},"end":{"line":7,"column":48}},"6":{"start":{"line":8,"column":22},"end":{"line":8,"column":46}},"7":{"start":{"line":10,"column":15},"end":{"line":10,"column":32}},"8":{"start":{"line":11,"column":16},"end":{"line":11,"column":38}},"9":{"start":{"line":12,"column":15},"end":{"line":12,"column":42}},"10":{"start":{"line":14,"column":0},"end":{"line":14,"column":54}},"11":{"start":{"line":15,"column":0},"end":{"line":15,"column":48}},"12":{"start":{"line":16,"column":0},"end":{"line":16,"column":61}},"13":{"start":{"line":18,"column":0},"end":{"line":18,"column":27}},"14":{"start":{"line":20,"column":0},"end":{"line":20,"column":84}},"15":{"start":{"line":23,"column":0},"end":{"line":23,"column":36}},"16":{"start":{"line":24,"column":0},"end":{"line":24,"column":39}},"17":{"start":{"line":25,"column":0},"end":{"line":25,"column":41}},"18":{"start":{"line":26,"column":0},"end":{"line":26,"column":39}},"19":{"start":{"line":28,"column":0},"end":{"line":28,"column":24}}},"fnMap":{},"branchMap":{},"s":{"0":2,"1":2,"2":2,"3":2,"4":2,"5":2,"6":2,"7":2,"8":2,"9":2,"10":2,"11":2,"12":2,"13":2,"14":2,"15":2,"16":2,"17":2,"18":2,"19":2},"f":{},"b":{},"_coverageSchema":"1a1c01bbd47fc00a2c39e90264f33305004495a9","hash":"839e1d6bf9f99c7acc3d707b6aff122e1447be8f"}
,"C:\\Users\\Naufaldillah\\Documents\\GitHub\\Hacktiv8\\P2\\ip-mnaufaldillah\\server\\routes\\matches.js": {"path":"C:\\Users\\Naufaldillah\\Documents\\GitHub\\Hacktiv8\\P2\\ip-mnaufaldillah\\server\\routes\\matches.js","statementMap":{"0":{"start":{"line":1,"column":24},"end":{"line":1,"column":65}},"1":{"start":{"line":2,"column":15},"end":{"line":2,"column":42}},"2":{"start":{"line":5,"column":0},"end":{"line":5,"column":44}},"3":{"start":{"line":6,"column":0},"end":{"line":6,"column":54}},"4":{"start":{"line":7,"column":0},"end":{"line":7,"column":75}},"5":{"start":{"line":9,"column":0},"end":{"line":9,"column":24}}},"fnMap":{},"branchMap":{},"s":{"0":2,"1":2,"2":2,"3":2,"4":2,"5":2},"f":{},"b":{},"_coverageSchema":"1a1c01bbd47fc00a2c39e90264f33305004495a9","hash":"ee3db66e612569adc99f0ec2a3db38bc237bd0b6"}
}
