TN:
SF:app.js
FNF:0
FNH:0
DA:1,2
DA:2,2
DA:5,2
DA:6,2
DA:7,2
DA:8,2
DA:9,2
DA:11,2
DA:12,2
DA:13,2
DA:15,2
DA:17,2
DA:19,2
LF:13
LH:13
BRDA:1,0,0,2
BRDA:1,0,1,0
BRF:2
BRH:1
end_of_record
TN:
SF:config\apiFootballInstance.js
FNF:0
FNH:0
DA:1,2
DA:3,2
DA:7,2
LF:3
LH:3
BRF:0
BRH:0
end_of_record
TN:
SF:config\newsDataInstance.js
FNF:0
FNH:0
DA:1,2
DA:3,2
DA:7,2
LF:3
LH:3
BRF:0
BRH:0
end_of_record
TN:
SF:controllers\ArticleController.js
FN:5,(anonymous_0)
FN:24,(anonymous_1)
FNF:2
FNH:0
FNDA:0,(anonymous_0)
FNDA:0,(anonymous_1)
DA:1,2
DA:2,2
DA:6,0
DA:7,0
DA:18,0
DA:20,0
DA:25,0
DA:26,0
DA:31,0
DA:40,0
DA:41,0
DA:42,0
DA:43,0
DA:44,0
DA:45,0
DA:46,0
DA:48,0
DA:57,0
DA:62,2
LF:19
LH:3
BRF:0
BRH:0
end_of_record
TN:
SF:controllers\BookmarkContoller.js
FN:6,(anonymous_0)
FN:21,(anonymous_1)
FN:70,(anonymous_2)
FN:84,(anonymous_3)
FNF:4
FNH:3
FNDA:2,(anonymous_0)
FNDA:0,(anonymous_1)
FNDA:1,(anonymous_2)
FNDA:1,(anonymous_3)
DA:1,2
DA:2,2
DA:3,2
DA:7,2
DA:8,2
DA:10,2
DA:15,1
DA:17,1
DA:22,0
DA:23,0
DA:29,0
DA:38,0
DA:39,0
DA:40,0
DA:43,0
DA:46,0
DA:48,0
DA:56,0
DA:57,0
DA:60,0
DA:62,0
DA:66,0
DA:71,1
DA:72,1
DA:78,1
DA:80,0
DA:85,1
DA:86,1
DA:91,1
DA:98,1
DA:101,0
DA:106,2
LF:32
LH:16
BRDA:39,0,0,0
BRDA:39,0,1,0
BRDA:56,1,0,0
BRDA:56,1,1,0
BRF:4
BRH:0
end_of_record
TN:
SF:controllers\CommentController.js
FN:2,(anonymous_0)
FN:10,(anonymous_1)
FN:18,(anonymous_2)
FN:26,(anonymous_3)
FNF:4
FNH:0
FNDA:0,(anonymous_0)
FNDA:0,(anonymous_1)
FNDA:0,(anonymous_2)
FNDA:0,(anonymous_3)
DA:3,0
DA:6,0
DA:11,0
DA:14,0
DA:19,0
DA:22,0
DA:27,0
DA:30,0
DA:35,2
LF:9
LH:1
BRF:0
BRH:0
end_of_record
TN:
SF:controllers\MatchController.js
FN:5,(anonymous_0)
FN:29,(anonymous_1)
FN:52,(anonymous_2)
FNF:3
FNH:0
FNDA:0,(anonymous_0)
FNDA:0,(anonymous_1)
FNDA:0,(anonymous_2)
DA:1,2
DA:2,2
DA:6,0
DA:7,0
DA:23,0
DA:25,0
DA:30,0
DA:31,0
DA:34,0
DA:46,0
DA:48,0
DA:53,0
DA:56,0
DA:61,2
LF:14
LH:3
BRF:0
BRH:0
end_of_record
TN:
SF:controllers\UserController.js
FN:10,(anonymous_0)
FN:43,(anonymous_1)
FN:63,(anonymous_2)
FN:103,(anonymous_3)
FN:160,(anonymous_4)
FN:181,(anonymous_5)
FNF:6
FNH:4
FNDA:4,(anonymous_0)
FNDA:1,(anonymous_1)
FNDA:5,(anonymous_2)
FNDA:0,(anonymous_3)
FNDA:0,(anonymous_4)
FNDA:2,(anonymous_5)
DA:1,2
DA:2,2
DA:3,2
DA:4,2
DA:5,2
DA:6,2
DA:7,2
DA:11,4
DA:12,4
DA:14,4
DA:20,1
DA:25,1
DA:36,1
DA:43,1
DA:44,1
DA:45,1
DA:47,0
DA:51,1
DA:59,3
DA:64,5
DA:65,5
DA:67,5
DA:68,1
DA:71,4
DA:72,1
DA:75,3
DA:81,3
DA:82,1
DA:85,2
DA:87,2
DA:88,1
DA:91,1
DA:93,1
DA:99,4
DA:104,0
DA:105,0
DA:106,0
DA:108,0
DA:113,0
DA:117,0
DA:118,0
DA:120,0
DA:130,0
DA:131,0
DA:132,0
DA:136,0
DA:141,0
DA:152,0
DA:159,0
DA:160,0
DA:161,0
DA:162,0
DA:164,0
DA:169,0
DA:171,0
DA:177,0
DA:182,2
DA:183,2
DA:189,2
DA:191,1
DA:193,1
DA:198,1
DA:207,1
DA:209,1
DA:211,1
DA:213,1
DA:218,2
LF:67
LH:44
BRDA:44,0,0,1
BRDA:44,0,1,0
BRDA:67,1,0,1
BRDA:67,1,1,4
BRDA:71,2,0,1
BRDA:71,2,1,3
BRDA:81,3,0,1
BRDA:81,3,1,2
BRDA:87,4,0,1
BRDA:87,4,1,1
BRDA:130,5,0,0
BRDA:130,5,1,0
BRDA:131,6,0,0
BRDA:131,6,1,0
BRDA:159,7,0,0
BRDA:159,7,1,0
BRDA:161,8,0,0
BRDA:161,8,1,0
BRF:18
BRH:9
end_of_record
TN:
SF:helpers\bcrypt.js
FN:3,(anonymous_0)
FN:10,(anonymous_1)
FNF:2
FNH:2
FNDA:6,(anonymous_0)
FNDA:2,(anonymous_1)
DA:1,2
DA:3,2
DA:4,6
DA:5,6
DA:7,6
DA:10,2
DA:11,2
DA:14,2
LF:8
LH:8
BRF:0
BRH:0
end_of_record
TN:
SF:helpers\currentDate.js
FN:1,lastTwoDaysfromCurrentDay
FN:14,nextTwoDaysfromCurrentDay
FNF:2
FNH:0
FNDA:0,lastTwoDaysfromCurrentDay
FNDA:0,nextTwoDaysfromCurrentDay
DA:2,0
DA:3,0
DA:5,0
DA:6,0
DA:7,0
DA:9,0
DA:11,0
DA:15,0
DA:16,0
DA:18,0
DA:19,0
DA:20,0
DA:22,0
DA:24,0
DA:27,2
LF:15
LH:1
BRDA:9,0,0,0
BRDA:9,0,1,0
BRDA:9,1,0,0
BRDA:9,1,1,0
BRDA:22,2,0,0
BRDA:22,2,1,0
BRDA:22,3,0,0
BRDA:22,3,1,0
BRF:8
BRH:0
end_of_record
TN:
SF:helpers\jwt.js
FN:6,(anonymous_0)
FN:10,(anonymous_1)
FNF:2
FNH:2
FNDA:3,(anonymous_0)
FNDA:7,(anonymous_1)
DA:1,2
DA:3,2
DA:6,2
DA:7,3
DA:10,2
DA:11,7
DA:14,2
LF:7
LH:7
BRF:0
BRH:0
end_of_record
TN:
SF:helpers\summaryGemini.js
FN:3,(anonymous_0)
FNF:1
FNH:0
FNDA:0,(anonymous_0)
DA:1,2
DA:3,2
DA:5,0
DA:7,0
DA:9,0
DA:14,0
DA:15,0
DA:16,0
DA:21,0
DA:24,2
LF:10
LH:3
BRF:0
BRH:0
end_of_record
TN:
SF:middleware\authentications.js
FN:4,authentication
FNF:1
FNH:1
FNDA:11,authentication
DA:1,2
DA:2,2
DA:5,11
DA:6,11
DA:8,11
DA:9,4
DA:12,7
DA:14,7
DA:15,0
DA:18,7
DA:20,7
DA:22,7
DA:23,0
DA:26,7
DA:27,7
DA:28,7
DA:30,7
DA:33,4
DA:37,2
LF:19
LH:17
BRDA:8,0,0,4
BRDA:8,0,1,7
BRDA:14,1,0,0
BRDA:14,1,1,7
BRDA:22,2,0,0
BRDA:22,2,1,7
BRF:6
BRH:4
end_of_record
TN:
SF:middleware\authorizationBookmark.js
FN:3,authorizationBookmark
FNF:1
FNH:1
FNDA:2,authorizationBookmark
DA:1,2
DA:4,2
DA:5,2
DA:6,2
DA:8,2
DA:15,2
DA:16,1
DA:19,1
DA:20,0
DA:23,1
DA:25,1
DA:27,1
DA:31,2
LF:13
LH:12
BRDA:15,0,0,1
BRDA:15,0,1,1
BRDA:19,1,0,0
BRDA:19,1,1,1
BRF:4
BRH:3
end_of_record
TN:
SF:middleware\authorizationComment.js
FN:3,authorizationComment
FNF:1
FNH:0
FNDA:0,authorizationComment
DA:1,2
DA:4,0
DA:5,0
DA:6,0
DA:8,0
DA:9,0
DA:12,0
DA:13,0
DA:16,0
DA:18,0
DA:22,2
LF:11
LH:2
BRDA:8,0,0,0
BRDA:8,0,1,0
BRDA:12,1,0,0
BRDA:12,1,1,0
BRF:4
BRH:0
end_of_record
TN:
SF:middleware\errorHandler.js
FN:1,errorHandler
FNF:1
FNH:1
FNDA:14,errorHandler
DA:2,14
DA:3,14
DA:5,14
DA:7,14
DA:10,4
DA:11,4
DA:12,4
DA:17,4
DA:18,4
DA:19,4
DA:21,4
DA:22,4
DA:23,4
DA:25,0
DA:26,0
DA:27,0
DA:29,1
DA:30,1
DA:31,1
DA:34,14
DA:37,2
LF:21
LH:18
BRDA:2,0,0,14
BRDA:2,0,1,14
BRDA:3,1,0,14
BRDA:3,1,1,5
BRDA:7,2,0,3
BRDA:7,2,1,4
BRDA:7,2,2,0
BRDA:7,2,3,2
BRDA:7,2,4,4
BRDA:7,2,5,4
BRDA:7,2,6,4
BRDA:7,2,7,0
BRDA:7,2,8,1
BRF:13
BRH:11
end_of_record
TN:
SF:models\bookmark.js
FN:5,(anonymous_0)
FN:12,(anonymous_1)
FNF:2
FNH:2
FNDA:2,(anonymous_0)
FNDA:2,(anonymous_1)
DA:4,2
DA:5,2
DA:13,2
DA:18,2
DA:47,2
LF:5
LH:5
BRF:0
BRH:0
end_of_record
TN:
SF:models\comment.js
FN:5,(anonymous_0)
FN:12,(anonymous_1)
FNF:2
FNH:2
FNDA:2,(anonymous_0)
FNDA:2,(anonymous_1)
DA:4,2
DA:5,2
DA:13,2
DA:18,2
DA:59,2
LF:5
LH:5
BRF:0
BRH:0
end_of_record
TN:
SF:models\index.js
FN:21,(anonymous_0)
FN:29,(anonymous_1)
FN:34,(anonymous_2)
FNF:3
FNH:3
FNDA:10,(anonymous_0)
FNDA:8,(anonymous_1)
FNDA:8,(anonymous_2)
DA:3,2
DA:4,2
DA:5,2
DA:6,2
DA:7,2
DA:8,2
DA:9,2
DA:10,2
DA:13,2
DA:14,0
DA:16,2
DA:19,2
DA:22,10
DA:30,8
DA:31,8
DA:34,2
DA:35,8
DA:36,8
DA:40,2
DA:41,2
DA:43,2
LF:21
LH:20
BRDA:8,0,0,2
BRDA:8,0,1,0
BRDA:13,1,0,0
BRDA:13,1,1,2
BRDA:23,2,0,10
BRDA:23,2,1,10
BRDA:23,2,2,8
BRDA:23,2,3,8
BRDA:35,3,0,8
BRDA:35,3,1,0
BRF:10
BRH:7
end_of_record
TN:
SF:models\user.js
FN:6,(anonymous_0)
FN:13,(anonymous_1)
FN:80,(anonymous_2)
FNF:3
FNH:3
FNDA:2,(anonymous_0)
FNDA:2,(anonymous_1)
FNDA:2,(anonymous_2)
DA:2,2
DA:5,2
DA:6,2
DA:15,2
DA:19,2
DA:24,2
DA:80,2
DA:81,2
DA:82,2
DA:84,2
LF:10
LH:10
BRF:0
BRH:0
end_of_record
TN:
SF:models\userarticle.js
FN:5,(anonymous_0)
FN:12,(anonymous_1)
FNF:2
FNH:2
FNDA:2,(anonymous_0)
FNDA:2,(anonymous_1)
DA:4,2
DA:5,2
DA:16,2
DA:25,2
LF:4
LH:4
BRF:0
BRH:0
end_of_record
TN:
SF:routes\articles.js
FNF:0
FNH:0
DA:1,2
DA:2,2
DA:4,2
DA:5,2
DA:7,2
LF:5
LH:5
BRF:0
BRH:0
end_of_record
TN:
SF:routes\bookmarks.js
FNF:0
FNH:0
DA:1,2
DA:2,2
DA:3,2
DA:6,2
DA:7,2
DA:8,2
DA:9,2
DA:11,2
LF:8
LH:8
BRF:0
BRH:0
end_of_record
TN:
SF:routes\comments.js
FNF:0
FNH:0
DA:1,2
DA:2,2
DA:3,2
DA:6,2
DA:7,2
DA:8,2
DA:9,2
DA:11,2
LF:8
LH:8
BRF:0
BRH:0
end_of_record
TN:
SF:routes\index.js
FNF:0
FNH:0
DA:1,2
DA:2,2
DA:4,2
DA:5,2
DA:6,2
DA:7,2
DA:8,2
DA:10,2
DA:11,2
DA:12,2
DA:14,2
DA:15,2
DA:16,2
DA:18,2
DA:20,2
DA:23,2
DA:24,2
DA:25,2
DA:26,2
DA:28,2
LF:20
LH:20
BRF:0
BRH:0
end_of_record
TN:
SF:routes\matches.js
FNF:0
FNH:0
DA:1,2
DA:2,2
DA:5,2
DA:6,2
DA:7,2
DA:9,2
LF:6
LH:6
BRF:0
BRH:0
end_of_record
